14 [22930150459200] INFO perfrun.launcher <> - argc = 7; cmdline = /opt/ipsxe/2018u2/vtune_amplifier_2018.2.0.551022/bin64/amplxe-runss --ui-output-format xml --ui-output-fd 5 --option-file /home/cp2018/cp201820/tiny-manna/tp2/report4MB/config/runsa.options 
25 [22930150459200] INFO perfrun.launcher <> - plugin system has been added successfully
25 [22930150459200] INFO perfrun.launcher <> - plugin itt has been added successfully
25 [22930150459200] INFO perfrun.launcher <> - plugin ptracecollector has been added successfully
25 [22930150459200] INFO perfrun.launcher <> - plugin gpu has been added successfully
25 [22930150459200] INFO perfrun.launcher <> - plugin  has been added successfully
25 [22930150459200] INFO perfrun.launcher <> - plugin  has been added successfully
25 [22930150459200] INFO perfrun.launcher <> - plugin  has been added successfully
25 [22930150459200] INFO perfrun.launcher <> - plugin mrte has been added successfully
25 [22930150459200] INFO perfrun.launcher <> - plugin emon has been added successfully
26 [22930150459200] INFO perfrun.launcher <> - plugin stdsrc has been added successfully
26 [22930150459200] INFO perfrun.launcher <> - plugin sep has been added successfully
26 [22930150459200] INFO perfrun.launcher <> - plugin vtsspp has been added successfully
26 [22930150459200] INFO perfrun.sdk <> - Reading value (-1) from file: /proc/sys/kernel/perf_event_paranoid
28 [22930150459200] INFO perfrun.perfcollector <> - cpu: family = 6 model = 63
28 [22930150459200] INFO perfrun.perfcollector <> - dir found : /sys/bus/event_source/devices/uncore_imc_4
28 [22930150459200] INFO perfrun.perfcollector <> - format: event config:0-7 mask:0-7
28 [22930150459200] INFO perfrun.perfcollector <> - format: edge config:18 mask:18
28 [22930150459200] INFO perfrun.perfcollector <> - format: thresh config:24-31 mask:24-31
28 [22930150459200] INFO perfrun.perfcollector <> - format: inv config:23 mask:23
28 [22930150459200] INFO perfrun.perfcollector <> - format: umask config:8-15 mask:8-15
28 [22930150459200] INFO perfrun.perfcollector <> - hwInfo : PERF_IMC_PMU_DETAILS
28 [22930150459200] INFO perfrun.perfcollector <> - pmu added : family : uncore_imc , id : 4
28 [22930150459200] INFO perfrun.perfcollector <> - dir found : /sys/bus/event_source/devices/uncore_sbox_1
28 [22930150459200] INFO perfrun.perfcollector <> - format: event config:0-7 mask:0-7
28 [22930150459200] INFO perfrun.perfcollector <> - format: edge config:18 mask:18
28 [22930150459200] INFO perfrun.perfcollector <> - format: tid_en config:19 mask:19
28 [22930150459200] INFO perfrun.perfcollector <> - format: thresh config:24-31 mask:24-31
28 [22930150459200] INFO perfrun.perfcollector <> - format: inv config:23 mask:23
28 [22930150459200] INFO perfrun.perfcollector <> - format: umask config:8-15 mask:8-15
28 [22930150459200] WARN perfrun.perfcollector <> - pmu hwInfo is not set, at file: vcs/perfrun1/plugins/perfcollector/src/controller.cpp:657
28 [22930150459200] INFO perfrun.perfcollector <> - pmu added : family : uncore_sbox , id : 1
28 [22930150459200] INFO perfrun.perfcollector <> - dir found : /sys/bus/event_source/devices/uncore_cbox_5
28 [22930150459200] INFO perfrun.perfcollector <> - format: filter_nc config1:62 mask:62
29 [22930150459200] INFO perfrun.perfcollector <> - format: event config:0-7 mask:0-7
29 [22930150459200] INFO perfrun.perfcollector <> - format: filter_tid config1:0-5 mask:0-5
29 [22930150459200] INFO perfrun.perfcollector <> - format: edge config:18 mask:18
29 [22930150459200] INFO perfrun.perfcollector <> - format: filter_nid config1:32-47 mask:32-47
29 [22930150459200] INFO perfrun.perfcollector <> - format: filter_link config1:6-8 mask:6-8
29 [22930150459200] INFO perfrun.perfcollector <> - format: filter_state config1:17-23 mask:17-23
29 [22930150459200] INFO perfrun.perfcollector <> - format: filter_isoc config1:63 mask:63
29 [22930150459200] INFO perfrun.perfcollector <> - format: tid_en config:19 mask:19
29 [22930150459200] INFO perfrun.perfcollector <> - format: thresh config:24-31 mask:24-31
29 [22930150459200] INFO perfrun.perfcollector <> - format: umask config:8-15 mask:8-15
29 [22930150459200] INFO perfrun.perfcollector <> - format: filter_opc config1:52-60 mask:52-60
29 [22930150459200] INFO perfrun.perfcollector <> - format: filter_c6 config1:61 mask:61
29 [22930150459200] WARN perfrun.perfcollector <> - pmu hwInfo is not set, at file: vcs/perfrun1/plugins/perfcollector/src/controller.cpp:657
29 [22930150459200] INFO perfrun.perfcollector <> - pmu added : family : uncore_cbox , id : 5
29 [22930150459200] INFO perfrun.perfcollector <> - dir found : /sys/bus/event_source/devices/uncore_ha_0
29 [22930150459200] INFO perfrun.perfcollector <> - format: event config:0-7 mask:0-7
29 [22930150459200] INFO perfrun.perfcollector <> - format: edge config:18 mask:18
29 [22930150459200] INFO perfrun.perfcollector <> - format: thresh config:24-31 mask:24-31
29 [22930150459200] INFO perfrun.perfcollector <> - format: inv config:23 mask:23
29 [22930150459200] INFO perfrun.perfcollector <> - format: umask config:8-15 mask:8-15
29 [22930150459200] WARN perfrun.perfcollector <> - pmu hwInfo is not set, at file: vcs/perfrun1/plugins/perfcollector/src/controller.cpp:657
29 [22930150459200] INFO perfrun.perfcollector <> - pmu added : family : uncore_ha , id : 0
29 [22930150459200] INFO perfrun.perfcollector <> - dir found : /sys/bus/event_source/devices/uncore_imc_2
29 [22930150459200] INFO perfrun.perfcollector <> - format: event config:0-7 mask:0-7
29 [22930150459200] INFO perfrun.perfcollector <> - format: edge config:18 mask:18
29 [22930150459200] INFO perfrun.perfcollector <> - format: thresh config:24-31 mask:24-31
30 [22930150459200] INFO perfrun.perfcollector <> - format: inv config:23 mask:23
30 [22930150459200] INFO perfrun.perfcollector <> - format: umask config:8-15 mask:8-15
30 [22930150459200] INFO perfrun.perfcollector <> - hwInfo : PERF_IMC_PMU_DETAILS
30 [22930150459200] INFO perfrun.perfcollector <> - pmu added : family : uncore_imc , id : 2
30 [22930150459200] INFO perfrun.perfcollector <> - dir found : /sys/bus/event_source/devices/uncore_cbox_3
30 [22930150459200] INFO perfrun.perfcollector <> - format: filter_nc config1:62 mask:62
30 [22930150459200] INFO perfrun.perfcollector <> - format: event config:0-7 mask:0-7
30 [22930150459200] INFO perfrun.perfcollector <> - format: filter_tid config1:0-5 mask:0-5
30 [22930150459200] INFO perfrun.perfcollector <> - format: edge config:18 mask:18
30 [22930150459200] INFO perfrun.perfcollector <> - format: filter_nid config1:32-47 mask:32-47
30 [22930150459200] INFO perfrun.perfcollector <> - format: filter_link config1:6-8 mask:6-8
30 [22930150459200] INFO perfrun.perfcollector <> - format: filter_state config1:17-23 mask:17-23
30 [22930150459200] INFO perfrun.perfcollector <> - format: filter_isoc config1:63 mask:63
30 [22930150459200] INFO perfrun.perfcollector <> - format: tid_en config:19 mask:19
30 [22930150459200] INFO perfrun.perfcollector <> - format: thresh config:24-31 mask:24-31
30 [22930150459200] INFO perfrun.perfcollector <> - format: umask config:8-15 mask:8-15
30 [22930150459200] INFO perfrun.perfcollector <> - format: filter_opc config1:52-60 mask:52-60
30 [22930150459200] INFO perfrun.perfcollector <> - format: filter_c6 config1:61 mask:61
30 [22930150459200] WARN perfrun.perfcollector <> - pmu hwInfo is not set, at file: vcs/perfrun1/plugins/perfcollector/src/controller.cpp:657
30 [22930150459200] INFO perfrun.perfcollector <> - pmu added : family : uncore_cbox , id : 3
30 [22930150459200] INFO perfrun.perfcollector <> - dir found : /sys/bus/event_source/devices/uncore_qpi_0
30 [22930150459200] INFO perfrun.perfcollector <> - format: match_rds config1:48-51 mask:48-51
30 [22930150459200] INFO perfrun.perfcollector <> - format: match_dnid config1:13-17 mask:13-17
30 [22930150459200] INFO perfrun.perfcollector <> - format: match_rnid30 config1:32-35 mask:32-35
30 [22930150459200] INFO perfrun.perfcollector <> - format: match_rnid4 config1:31 mask:31
30 [22930150459200] INFO perfrun.perfcollector <> - format: event config:0-7,21 mask:0-7,21
31 [22930150459200] INFO perfrun.perfcollector <> - format: mask_mc config2:9-12 mask:9-12
31 [22930150459200] INFO perfrun.perfcollector <> - format: mask_vnw config2:3-4 mask:3-4
31 [22930150459200] INFO perfrun.perfcollector <> - format: edge config:18 mask:18
31 [22930150459200] INFO perfrun.perfcollector <> - format: mask_dnid config2:13-17 mask:13-17
31 [22930150459200] INFO perfrun.perfcollector <> - format: mask_rnid30 config2:32-35 mask:32-35
31 [22930150459200] INFO perfrun.perfcollector <> - format: match_vnw config1:3-4 mask:3-4
31 [22930150459200] INFO perfrun.perfcollector <> - format: mask1 config2:32-63 mask:32-63
31 [22930150459200] INFO perfrun.perfcollector <> - format: match1 config1:32-63 mask:32-63
31 [22930150459200] INFO perfrun.perfcollector <> - format: mask_opc config2:5-8 mask:5-8
31 [22930150459200] INFO perfrun.perfcollector <> - format: mask_rnid4 config2:31 mask:31
31 [22930150459200] INFO perfrun.perfcollector <> - format: thresh config:24-31 mask:24-31
31 [22930150459200] INFO perfrun.perfcollector <> - format: inv config:23 mask:23
31 [22930150459200] INFO perfrun.perfcollector <> - format: match_mc config1:9-12 mask:9-12
31 [22930150459200] INFO perfrun.perfcollector <> - format: match_opc config1:5-8 mask:5-8
31 [22930150459200] INFO perfrun.perfcollector <> - format: umask config:8-15 mask:8-15
31 [22930150459200] INFO perfrun.perfcollector <> - format: mask_rds config2:48-51 mask:48-51
31 [22930150459200] INFO perfrun.perfcollector <> - format: mask0 config2:0-31 mask:0-31
31 [22930150459200] INFO perfrun.perfcollector <> - format: match0 config1:0-31 mask:0-31
31 [22930150459200] INFO perfrun.perfcollector <> - hwInfo : PERF_QPI_PMU_DETAILS
31 [22930150459200] INFO perfrun.perfcollector <> - pmu added : family : uncore_qpi , id : 0
31 [22930150459200] INFO perfrun.perfcollector <> - dir found : /sys/bus/event_source/devices/cstate_pkg
31 [22930150459200] INFO perfrun.perfcollector <> - format: event config:0-63 mask:0-63
32 [22930150459200] WARN perfrun.perfcollector <> - pmu hwInfo is not set, at file: vcs/perfrun1/plugins/perfcollector/src/controller.cpp:657
32 [22930150459200] INFO perfrun.perfcollector <> - pmu added : family : cstate_pkg , id : 0
32 [22930150459200] INFO perfrun.perfcollector <> - dir found : /sys/bus/event_source/devices/breakpoint
32 [22930150459200] WARN perfrun.perfcollector <> - format subdir doesn't exist, at file: vcs/perfrun1/plugins/perfcollector/src/controller.cpp:578
32 [22930150459200] WARN perfrun.perfcollector <> - pmu hwInfo is not set, at file: vcs/perfrun1/plugins/perfcollector/src/controller.cpp:657
32 [22930150459200] INFO perfrun.perfcollector <> - pmu added : family : breakpoint , id : 0
32 [22930150459200] INFO perfrun.perfcollector <> - dir found : /sys/bus/event_source/devices/uncore_imc_0
32 [22930150459200] INFO perfrun.perfcollector <> - format: event config:0-7 mask:0-7
32 [22930150459200] INFO perfrun.perfcollector <> - format: edge config:18 mask:18
32 [22930150459200] INFO perfrun.perfcollector <> - format: thresh config:24-31 mask:24-31
32 [22930150459200] INFO perfrun.perfcollector <> - format: inv config:23 mask:23
32 [22930150459200] INFO perfrun.perfcollector <> - format: umask config:8-15 mask:8-15
32 [22930150459200] INFO perfrun.perfcollector <> - hwInfo : PERF_IMC_PMU_DETAILS
32 [22930150459200] INFO perfrun.perfcollector <> - pmu added : family : uncore_imc , id : 0
32 [22930150459200] INFO perfrun.perfcollector <> - dir found : /sys/bus/event_source/devices/uncore_ubox
32 [22930150459200] INFO perfrun.perfcollector <> - format: event config:0-7 mask:0-7
32 [22930150459200] INFO perfrun.perfcollector <> - format: filter_tid config1:0 mask:0
32 [22930150459200] INFO perfrun.perfcollector <> - format: edge config:18 mask:18
32 [22930150459200] INFO perfrun.perfcollector <> - format: thresh config:24-28 mask:24-28
32 [22930150459200] INFO perfrun.perfcollector <> - format: inv config:23 mask:23
32 [22930150459200] INFO perfrun.perfcollector <> - format: filter_cid config1:5 mask:5
32 [22930150459200] INFO perfrun.perfcollector <> - format: umask config:8-15 mask:8-15
32 [22930150459200] WARN perfrun.perfcollector <> - pmu hwInfo is not set, at file: vcs/perfrun1/plugins/perfcollector/src/controller.cpp:657
32 [22930150459200] INFO perfrun.perfcollector <> - pmu added : family : uncore_ubox , id : 0
32 [22930150459200] INFO perfrun.perfcollector <> - dir found : /sys/bus/event_source/devices/uncore_pcu
32 [22930150459200] INFO perfrun.perfcollector <> - format: filter_band1 config1:8-15 mask:8-15
33 [22930150459200] INFO perfrun.perfcollector <> - format: event config:0-7 mask:0-7
33 [22930150459200] INFO perfrun.perfcollector <> - format: edge config:18 mask:18
33 [22930150459200] INFO perfrun.perfcollector <> - format: filter_band2 config1:16-23 mask:16-23
33 [22930150459200] INFO perfrun.perfcollector <> - format: occ_sel config:14-15 mask:14-15
33 [22930150459200] INFO perfrun.perfcollector <> - format: thresh config:24-28 mask:24-28
33 [22930150459200] INFO perfrun.perfcollector <> - format: inv config:23 mask:23
33 [22930150459200] INFO perfrun.perfcollector <> - format: filter_band0 config1:0-7 mask:0-7
33 [22930150459200] INFO perfrun.perfcollector <> - format: occ_edge config:14-51 mask:14-51
33 [22930150459200] INFO perfrun.perfcollector <> - format: occ_invert config:30 mask:30
33 [22930150459200] INFO perfrun.perfcollector <> - format: filter_band3 config1:24-31 mask:24-31
33 [22930150459200] WARN perfrun.perfcollector <> - pmu hwInfo is not set, at file: vcs/perfrun1/plugins/perfcollector/src/controller.cpp:657
33 [22930150459200] INFO perfrun.perfcollector <> - pmu added : family : uncore_pcu , id : 0
33 [22930150459200] INFO perfrun.perfcollector <> - dir found : /sys/bus/event_source/devices/uncore_cbox_1
33 [22930150459200] INFO perfrun.perfcollector <> - format: filter_nc config1:62 mask:62
33 [22930150459200] INFO perfrun.perfcollector <> - format: event config:0-7 mask:0-7
33 [22930150459200] INFO perfrun.perfcollector <> - format: filter_tid config1:0-5 mask:0-5
33 [22930150459200] INFO perfrun.perfcollector <> - format: edge config:18 mask:18
33 [22930150459200] INFO perfrun.perfcollector <> - format: filter_nid config1:32-47 mask:32-47
33 [22930150459200] INFO perfrun.perfcollector <> - format: filter_link config1:6-8 mask:6-8
33 [22930150459200] INFO perfrun.perfcollector <> - format: filter_state config1:17-23 mask:17-23
33 [22930150459200] INFO perfrun.perfcollector <> - format: filter_isoc config1:63 mask:63
33 [22930150459200] INFO perfrun.perfcollector <> - format: tid_en config:19 mask:19
33 [22930150459200] INFO perfrun.perfcollector <> - format: thresh config:24-31 mask:24-31
33 [22930150459200] INFO perfrun.perfcollector <> - format: umask config:8-15 mask:8-15
34 [22930150459200] INFO perfrun.perfcollector <> - format: filter_opc config1:52-60 mask:52-60
34 [22930150459200] INFO perfrun.perfcollector <> - format: filter_c6 config1:61 mask:61
34 [22930150459200] WARN perfrun.perfcollector <> - pmu hwInfo is not set, at file: vcs/perfrun1/plugins/perfcollector/src/controller.cpp:657
34 [22930150459200] INFO perfrun.perfcollector <> - pmu added : family : uncore_cbox , id : 1
34 [22930150459200] INFO perfrun.perfcollector <> - dir found : /sys/bus/event_source/devices/uncore_r3qpi_0
34 [22930150459200] INFO perfrun.perfcollector <> - format: event config:0-7 mask:0-7
34 [22930150459200] INFO perfrun.perfcollector <> - format: edge config:18 mask:18
34 [22930150459200] INFO perfrun.perfcollector <> - format: thresh config:24-31 mask:24-31
34 [22930150459200] INFO perfrun.perfcollector <> - format: inv config:23 mask:23
34 [22930150459200] INFO perfrun.perfcollector <> - format: umask config:8-15 mask:8-15
34 [22930150459200] WARN perfrun.perfcollector <> - pmu hwInfo is not set, at file: vcs/perfrun1/plugins/perfcollector/src/controller.cpp:657
34 [22930150459200] INFO perfrun.perfcollector <> - pmu added : family : uncore_r3qpi , id : 0
34 [22930150459200] INFO perfrun.perfcollector <> - dir found : /sys/bus/event_source/devices/power
34 [22930150459200] INFO perfrun.perfcollector <> - format: event config:0-7 mask:0-7
34 [22930150459200] WARN perfrun.perfcollector <> - pmu hwInfo is not set, at file: vcs/perfrun1/plugins/perfcollector/src/controller.cpp:657
34 [22930150459200] INFO perfrun.perfcollector <> - pmu added : family : power , id : 0
34 [22930150459200] INFO perfrun.perfcollector <> - dir found : /sys/bus/event_source/devices/cpu
34 [22930150459200] INFO perfrun.perfcollector <> - format: cmask config:24-31 mask:24-31
34 [22930150459200] INFO perfrun.perfcollector <> - format: pc config:19 mask:19
34 [22930150459200] INFO perfrun.perfcollector <> - format: event config:0-7 mask:0-7
34 [22930150459200] INFO perfrun.perfcollector <> - format: edge config:18 mask:18
34 [22930150459200] INFO perfrun.perfcollector <> - format: any config:21 mask:21
34 [22930150459200] INFO perfrun.perfcollector <> - format: ldlat config1:0-15 mask:0-15
34 [22930150459200] INFO perfrun.perfcollector <> - format: inv config:23 mask:23
34 [22930150459200] INFO perfrun.perfcollector <> - format: umask config:8-15 mask:8-15
34 [22930150459200] INFO perfrun.perfcollector <> - format: offcore_rsp config1:0-63 mask:0-63
34 [22930150459200] INFO perfrun.perfcollector <> - hwInfo : PERF_CPU_PMU_DETAILS
35 [22930150459200] INFO perfrun.perfcollector <> - pmu added : family : cpu , id : 0
35 [22930150459200] INFO perfrun.perfcollector <> - dir found : /sys/bus/event_source/devices/software
35 [22930150459200] WARN perfrun.perfcollector <> - format subdir doesn't exist, at file: vcs/perfrun1/plugins/perfcollector/src/controller.cpp:578
35 [22930150459200] WARN perfrun.perfcollector <> - pmu hwInfo is not set, at file: vcs/perfrun1/plugins/perfcollector/src/controller.cpp:657
35 [22930150459200] INFO perfrun.perfcollector <> - pmu added : family : software , id : 0
35 [22930150459200] INFO perfrun.perfcollector <> - dir found : /sys/bus/event_source/devices/uncore_r2pcie
35 [22930150459200] INFO perfrun.perfcollector <> - format: event config:0-7 mask:0-7
35 [22930150459200] INFO perfrun.perfcollector <> - format: edge config:18 mask:18
35 [22930150459200] INFO perfrun.perfcollector <> - format: thresh config:24-31 mask:24-31
35 [22930150459200] INFO perfrun.perfcollector <> - format: inv config:23 mask:23
35 [22930150459200] INFO perfrun.perfcollector <> - format: umask config:8-15 mask:8-15
35 [22930150459200] WARN perfrun.perfcollector <> - pmu hwInfo is not set, at file: vcs/perfrun1/plugins/perfcollector/src/controller.cpp:657
35 [22930150459200] INFO perfrun.perfcollector <> - pmu added : family : uncore_r2pcie , id : 0
35 [22930150459200] INFO perfrun.perfcollector <> - dir found : /sys/bus/event_source/devices/uncore_imc_3
35 [22930150459200] INFO perfrun.perfcollector <> - format: event config:0-7 mask:0-7
35 [22930150459200] INFO perfrun.perfcollector <> - format: edge config:18 mask:18
35 [22930150459200] INFO perfrun.perfcollector <> - format: thresh config:24-31 mask:24-31
35 [22930150459200] INFO perfrun.perfcollector <> - format: inv config:23 mask:23
35 [22930150459200] INFO perfrun.perfcollector <> - format: umask config:8-15 mask:8-15
35 [22930150459200] INFO perfrun.perfcollector <> - hwInfo : PERF_IMC_PMU_DETAILS
35 [22930150459200] INFO perfrun.perfcollector <> - pmu added : family : uncore_imc , id : 3
35 [22930150459200] INFO perfrun.perfcollector <> - dir found : /sys/bus/event_source/devices/uncore_sbox_0
35 [22930150459200] INFO perfrun.perfcollector <> - format: event config:0-7 mask:0-7
35 [22930150459200] INFO perfrun.perfcollector <> - format: edge config:18 mask:18
35 [22930150459200] INFO perfrun.perfcollector <> - format: tid_en config:19 mask:19
35 [22930150459200] INFO perfrun.perfcollector <> - format: thresh config:24-31 mask:24-31
35 [22930150459200] INFO perfrun.perfcollector <> - format: inv config:23 mask:23
36 [22930150459200] INFO perfrun.perfcollector <> - format: umask config:8-15 mask:8-15
36 [22930150459200] WARN perfrun.perfcollector <> - pmu hwInfo is not set, at file: vcs/perfrun1/plugins/perfcollector/src/controller.cpp:657
36 [22930150459200] INFO perfrun.perfcollector <> - pmu added : family : uncore_sbox , id : 0
36 [22930150459200] INFO perfrun.perfcollector <> - dir found : /sys/bus/event_source/devices/uncore_cbox_4
36 [22930150459200] INFO perfrun.perfcollector <> - format: filter_nc config1:62 mask:62
36 [22930150459200] INFO perfrun.perfcollector <> - format: event config:0-7 mask:0-7
36 [22930150459200] INFO perfrun.perfcollector <> - format: filter_tid config1:0-5 mask:0-5
36 [22930150459200] INFO perfrun.perfcollector <> - format: edge config:18 mask:18
36 [22930150459200] INFO perfrun.perfcollector <> - format: filter_nid config1:32-47 mask:32-47
36 [22930150459200] INFO perfrun.perfcollector <> - format: filter_link config1:6-8 mask:6-8
36 [22930150459200] INFO perfrun.perfcollector <> - format: filter_state config1:17-23 mask:17-23
36 [22930150459200] INFO perfrun.perfcollector <> - format: filter_isoc config1:63 mask:63
36 [22930150459200] INFO perfrun.perfcollector <> - format: tid_en config:19 mask:19
36 [22930150459200] INFO perfrun.perfcollector <> - format: thresh config:24-31 mask:24-31
36 [22930150459200] INFO perfrun.perfcollector <> - format: umask config:8-15 mask:8-15
36 [22930150459200] INFO perfrun.perfcollector <> - format: filter_opc config1:52-60 mask:52-60
36 [22930150459200] INFO perfrun.perfcollector <> - format: filter_c6 config1:61 mask:61
36 [22930150459200] WARN perfrun.perfcollector <> - pmu hwInfo is not set, at file: vcs/perfrun1/plugins/perfcollector/src/controller.cpp:657
36 [22930150459200] INFO perfrun.perfcollector <> - pmu added : family : uncore_cbox , id : 4
36 [22930150459200] INFO perfrun.perfcollector <> - dir found : /sys/bus/event_source/devices/uncore_imc_1
36 [22930150459200] INFO perfrun.perfcollector <> - format: event config:0-7 mask:0-7
36 [22930150459200] INFO perfrun.perfcollector <> - format: edge config:18 mask:18
36 [22930150459200] INFO perfrun.perfcollector <> - format: thresh config:24-31 mask:24-31
36 [22930150459200] INFO perfrun.perfcollector <> - format: inv config:23 mask:23
36 [22930150459200] INFO perfrun.perfcollector <> - format: umask config:8-15 mask:8-15
36 [22930150459200] INFO perfrun.perfcollector <> - hwInfo : PERF_IMC_PMU_DETAILS
36 [22930150459200] INFO perfrun.perfcollector <> - pmu added : family : uncore_imc , id : 1
37 [22930150459200] INFO perfrun.perfcollector <> - dir found : /sys/bus/event_source/devices/uncore_cbox_2
37 [22930150459200] INFO perfrun.perfcollector <> - format: filter_nc config1:62 mask:62
37 [22930150459200] INFO perfrun.perfcollector <> - format: event config:0-7 mask:0-7
37 [22930150459200] INFO perfrun.perfcollector <> - format: filter_tid config1:0-5 mask:0-5
37 [22930150459200] INFO perfrun.perfcollector <> - format: edge config:18 mask:18
37 [22930150459200] INFO perfrun.perfcollector <> - format: filter_nid config1:32-47 mask:32-47
37 [22930150459200] INFO perfrun.perfcollector <> - format: filter_link config1:6-8 mask:6-8
37 [22930150459200] INFO perfrun.perfcollector <> - format: filter_state config1:17-23 mask:17-23
37 [22930150459200] INFO perfrun.perfcollector <> - format: filter_isoc config1:63 mask:63
37 [22930150459200] INFO perfrun.perfcollector <> - format: tid_en config:19 mask:19
37 [22930150459200] INFO perfrun.perfcollector <> - format: thresh config:24-31 mask:24-31
37 [22930150459200] INFO perfrun.perfcollector <> - format: umask config:8-15 mask:8-15
37 [22930150459200] INFO perfrun.perfcollector <> - format: filter_opc config1:52-60 mask:52-60
37 [22930150459200] INFO perfrun.perfcollector <> - format: filter_c6 config1:61 mask:61
37 [22930150459200] WARN perfrun.perfcollector <> - pmu hwInfo is not set, at file: vcs/perfrun1/plugins/perfcollector/src/controller.cpp:657
37 [22930150459200] INFO perfrun.perfcollector <> - pmu added : family : uncore_cbox , id : 2
37 [22930150459200] INFO perfrun.perfcollector <> - dir found : /sys/bus/event_source/devices/uncore_r3qpi_1
37 [22930150459200] INFO perfrun.perfcollector <> - format: event config:0-7 mask:0-7
37 [22930150459200] INFO perfrun.perfcollector <> - format: edge config:18 mask:18
37 [22930150459200] INFO perfrun.perfcollector <> - format: thresh config:24-31 mask:24-31
37 [22930150459200] INFO perfrun.perfcollector <> - format: inv config:23 mask:23
37 [22930150459200] INFO perfrun.perfcollector <> - format: umask config:8-15 mask:8-15
37 [22930150459200] WARN perfrun.perfcollector <> - pmu hwInfo is not set, at file: vcs/perfrun1/plugins/perfcollector/src/controller.cpp:657
37 [22930150459200] INFO perfrun.perfcollector <> - pmu added : family : uncore_r3qpi , id : 1
37 [22930150459200] INFO perfrun.perfcollector <> - dir found : /sys/bus/event_source/devices/uncore_cbox_0
37 [22930150459200] INFO perfrun.perfcollector <> - format: filter_nc config1:62 mask:62
38 [22930150459200] INFO perfrun.perfcollector <> - format: event config:0-7 mask:0-7
38 [22930150459200] INFO perfrun.perfcollector <> - format: filter_tid config1:0-5 mask:0-5
38 [22930150459200] INFO perfrun.perfcollector <> - format: edge config:18 mask:18
38 [22930150459200] INFO perfrun.perfcollector <> - format: filter_nid config1:32-47 mask:32-47
38 [22930150459200] INFO perfrun.perfcollector <> - format: filter_link config1:6-8 mask:6-8
38 [22930150459200] INFO perfrun.perfcollector <> - format: filter_state config1:17-23 mask:17-23
38 [22930150459200] INFO perfrun.perfcollector <> - format: filter_isoc config1:63 mask:63
38 [22930150459200] INFO perfrun.perfcollector <> - format: tid_en config:19 mask:19
38 [22930150459200] INFO perfrun.perfcollector <> - format: thresh config:24-31 mask:24-31
38 [22930150459200] INFO perfrun.perfcollector <> - format: umask config:8-15 mask:8-15
38 [22930150459200] INFO perfrun.perfcollector <> - format: filter_opc config1:52-60 mask:52-60
38 [22930150459200] INFO perfrun.perfcollector <> - format: filter_c6 config1:61 mask:61
38 [22930150459200] WARN perfrun.perfcollector <> - pmu hwInfo is not set, at file: vcs/perfrun1/plugins/perfcollector/src/controller.cpp:657
38 [22930150459200] INFO perfrun.perfcollector <> - pmu added : family : uncore_cbox , id : 0
38 [22930150459200] INFO perfrun.perfcollector <> - dir found : /sys/bus/event_source/devices/cstate_core
38 [22930150459200] INFO perfrun.perfcollector <> - format: event config:0-63 mask:0-63
38 [22930150459200] WARN perfrun.perfcollector <> - pmu hwInfo is not set, at file: vcs/perfrun1/plugins/perfcollector/src/controller.cpp:657
38 [22930150459200] INFO perfrun.perfcollector <> - pmu added : family : cstate_core , id : 0
38 [22930150459200] INFO perfrun.perfcollector <> - dir found : /sys/bus/event_source/devices/tracepoint
38 [22930150459200] WARN perfrun.perfcollector <> - format subdir doesn't exist, at file: vcs/perfrun1/plugins/perfcollector/src/controller.cpp:578
38 [22930150459200] WARN perfrun.perfcollector <> - pmu hwInfo is not set, at file: vcs/perfrun1/plugins/perfcollector/src/controller.cpp:657
38 [22930150459200] INFO perfrun.perfcollector <> - pmu added : family : tracepoint , id : 0
38 [22930150459200] INFO perfrun.perfcollector <> - dir found : /sys/bus/event_source/devices/msr
38 [22930150459200] INFO perfrun.perfcollector <> - format: event config:0-63 mask:0-63
38 [22930150459200] WARN perfrun.perfcollector <> - pmu hwInfo is not set, at file: vcs/perfrun1/plugins/perfcollector/src/controller.cpp:657
38 [22930150459200] INFO perfrun.perfcollector <> - pmu added : family : msr , id : 0
39 [22930150459200] INFO perfrun.launcher <> - plugin perf has been added successfully
39 [22930150459200] INFO perfrun.launcher <> - plugin tpss has been added successfully
39 [22930150459200] INFO perfrun.launcher <> - plugin cuscol has been added successfully
39 [22930150459200] INFO perfrun.launcher <> - plugin exprof has been added successfully
39 [22930150459200] INFO perfrun.launcher <> - plugin dpdk has been added successfully
39 [22930150459200] INFO perfrun.launcher <> - plugin media has been added successfully
39 [22930150459200] INFO perfrun.launcher <> - plugin commcollector has been added successfully
39 [22930150459200] INFO perfrun.launcher <> - plugin cve has been added successfully
39 [22930150459200] INFO perfrun.launcher <> - the option was added --interval: Specify an interval of data collection (for example, sampling) in milliseconds.
39 [22930150459200] INFO perfrun.launcher <> - the option was added --follow-child: Profile process with or without children.
39 [22930150459200] INFO perfrun.launcher <> - the option was added --gelding: BADMSG: perfrun1.launcher.plugin_manager::gelding
40 [22930150459200] INFO perfrun.launcher <> - the option was added --time-source: Specify time source for measurement. Possible values: sys - wall clock time; tsc - time stamp counter; ext - time from an external source; auto - auto select accurate time source.
40 [22930150459200] INFO perfrun.launcher <> - the option was added --stack: Enable or disable collection of stacks.
40 [22930150459200] INFO perfrun.launcher <> - the option was added --stack-stitching: Enable or disable the stack stitching algorithm for Intel TBB-based applications.
40 [22930150459200] INFO perfrun.launcher <> - the option was added --type: Specify type of data to be collected. For example, --type cpu:counters,waiting:nostack,io.
40 [22930150459200] INFO perfrun.launcher <> - the option was added --mrte-mode: Specify Java/.NET/other managed runtime collection mode. Possible values: native - collect information only for native code; managed - collect information only for managed code; mixed - collect information for both managed and native code; auto - choose the mode based on binary type.
40 [22930150459200] INFO perfrun.launcher <> - the option was added --mrte-mode-list: List supported Java/.NET/other managed runtime collection modes.
40 [22930150459200] INFO perfrun.launcher <> - the option was added --mrte-type: Specify which managed runtimes to collect. Possible values: java - collect information for Java; dotnet - collect information for .NET; python - collect information for CPython. You can specify several values separated by comma.
40 [22930150459200] INFO perfrun.launcher <> - the option was added --mrte-type-list: List supported Java/.NET/other managed runtime types.
40 [22930150459200] INFO perfrun.launcher <> - the option was added --trace-strategy: Specify how to profile a process tree. <string> can be "<process>:trace:notrace" - profile the process but do not profile its children. Shorthand parameters: t - trace, nt - notrace. For example, "vtunedemo.exe:t:t".
40 [22930150459200] INFO perfrun.launcher <> - the option was added --collector: BADMSG: perfrun1.launcher.plugin_manager::collector
40 [22930150459200] INFO perfrun.launcher <> - the option was added --system-wide: Enable system-wide profiling. This mode may require additional permissions.
40 [22930150459200] INFO perfrun.launcher <> - the option was added --kvm-guest: Enable KVM guest OS profiling.
40 [22930150459200] INFO perfrun.launcher <> - the option was added --kvm-guest-kallsyms: Specify a local path to the /proc/kallsyms file copied from the guest OS for proper symbol resolution.
40 [22930150459200] INFO perfrun.launcher <> - the option was added --kvm-guest-modules: Specify a local path to the /proc/modules file copied from the guest OS for proper symbol resolution.
40 [22930150459200] INFO perfrun.launcher <> - the option was added --target-system: BADMSG: perfrun1.launcher.plugin_manager::target-system
40 [22930150459200] INFO perfrun.launcher <> - the option was added --dump-vdso: Dump [vdso] to result directory
40 [22930150459200] INFO perfrun.launcher <> - the option was added --bandwidth-limits: Measure bandwidth limits
40 [22930150459200] INFO perfrun.launcher <> - the option was added --bandwidth-strategy: Bandwidth limits determination specific properties (example: --bandwidth-strategy array-size=0,duration=500).
40 [22930150459200] INFO perfrun.launcher <> - the option was added --bandwidth-config: List of benchmarks to run.
41 [22930150459200] INFO perfrun.launcher <> - the option was added --system-collector-config: Specify subcollectors. Possible values: all, vdso, container, device-info, none.
41 [22930150459200] INFO perfrun.launcher <> - the option was added --itt-config: Specify a sub-set of ITT API to collect.
41 [22930150459200] INFO perfrun.launcher <> - the option was added --itt-debug: Set pseudo-breakpoint at ITT API collector's start to enable the debugger to attach early.
41 [22930150459200] INFO perfrun.launcher <> - the option was added --itt-ring-buffer-multiplier: The size of internal ITT API collector ring buffer, in bytes per second
41 [22930150459200] INFO perfrun.launcher <> - the option was added --ptrace: Ptrace collector.
41 [22930150459200] INFO perfrun.launcher <> - the option was added --target-pid: BADMSG: perfrun1.ptracecollector::target-pid
41 [22930150459200] INFO perfrun.launcher <> - the option was added --ptrace-server-pid: BADMSG: perfrun1.ptracecollector::ptrace-server-pid
41 [22930150459200] INFO perfrun.launcher <> - the option was added --ptrace-trace: BADMSG: perfrun1.ptracecollector::ptrace-trace
41 [22930150459200] INFO perfrun.launcher <> - the option was added --ptrace-time-source: BADMSG: perfrun1.ptracecollector::ptrace-time-source
41 [22930150459200] INFO perfrun.launcher <> - the option was added --ptrace-start-type: BADMSG: perfrun1.ptracecollector::ptrace-start-type
41 [22930150459200] INFO perfrun.launcher <> - the option was added --gpu-config: Specify types of GPU data to be collected. Possible values: preset1, preset2.
41 [22930150459200] INFO perfrun.launcher <> - the option was added --gpu-debug: Enable self-testing of the GPGPU profiling collector.
41 [22930150459200] INFO perfrun.launcher <> - the option was added --stdsrc-config: Specify Standard Sources category tag(s).
41 [22930150459200] INFO perfrun.launcher <> - the option was added --ftrace-config-list: List Linux Ftrace category tag(s).
41 [22930150459200] INFO perfrun.launcher <> - the option was added --ftrace-config: Specify Linux Ftrace category tag(s).
41 [22930150459200] INFO perfrun.launcher <> - the option was added --ftrace-function-groups: Enable tracing of specific groups of functions.
41 [22930150459200] INFO perfrun.launcher <> - the option was added --event-info: BADMSG: perfrun1.stdsrc::event-info
41 [22930150459200] INFO perfrun.launcher <> - the option was added --cpu-list: List supported CPUs.
41 [22930150459200] INFO perfrun.launcher <> - the option was added --target-list: List available targets for performing sampling collection.
41 [22930150459200] INFO perfrun.launcher <> - the option was added --event-value-list: Display event information.
42 [22930150459200] INFO perfrun.launcher <> - the option was added --platform-value-list: Display details of supported platforms.
42 [22930150459200] INFO perfrun.launcher <> - the option was added --uncore-event-list: List uncore events for which a sampling data collection can be performed on this platform.
42 [22930150459200] INFO perfrun.launcher <> - the option was added --modifier-list: Specify the event name <string> for which the modifiers list is requested.
42 [22930150459200] INFO perfrun.launcher <> - the option was added --pmu-list: List supported PMUs.
42 [22930150459200] INFO perfrun.launcher <> - the option was added --os-mode-only: Enable sampling data collection for OS-mode processes only.
42 [22930150459200] INFO perfrun.launcher <> - the option was added --user-mode-only: Enable sampling data collection for user-mode processes only.
42 [22930150459200] INFO perfrun.launcher <> - the option was added --event-config: Perform data collection for the events with <string> configured using the format <event name1>":modifier1=val:modifier2=val/constraint1={:modifier3=val:modifier4=val}...,"<event name2>":... Specify the events(s) to monitor and embed the event names within double quotes("). [:modifier=val] specifies individual event modifiers along with the respective values for a given platform. Note that the modifiers can be generic to an event as well as specific to a constraint (or an event qualifier). The constraint specific special modifiers appear after [/constraint=]. The modifiers can be in decimal or hexadecimal format. Only specific modifiers accept the value as a string. Each event specification is delimited by a comma (,). For a list of supported modifiers and constraints, refer to the documentation.
42 [22930150459200] INFO perfrun.launcher <> - the option was added --chipset-event-config: BADMSG: perfrun1.sep::chipset-event-config
42 [22930150459200] INFO perfrun.launcher <> - the option was added --uncore-event-config: Perform uncore data collection in ebc count mode for the events with <string> configured using the format "<event name1>"...,"<event name2>":... Specify the events(s) to monitor and embed the event names within double quotes(").
42 [22930150459200] INFO perfrun.launcher <> - the option was added --count-emon: Enable counting mode and output the data in EMON format.
42 [22930150459200] INFO perfrun.launcher <> - the option was added --event-based-counts: Enable event-based counting mode. During sampling data collection, event counts data is collected for the list of events specified in -event-config option.
42 [22930150459200] INFO perfrun.launcher <> - the option was added --event-mux-tfactor: Specify the event multiplexing tfactor as <integer> to set the length of the interval between interrupts. The larger the tfactor value, the larger the period between interrupts. Currently this option is only available on Intel platforms codenamed Knights Corner.
42 [22930150459200] INFO perfrun.launcher <> - the option was added --full-pebs-capture: Capture full pebs information.
42 [22930150459200] INFO perfrun.launcher <> - the option was added --last-branch-records: Capture Last Branch Records information.
42 [22930150459200] INFO perfrun.launcher <> - the option was added --pmu-type: Specify the targeted PMU name as <string>.
42 [22930150459200] INFO perfrun.launcher <> - the option was added --platform-type: Specify the targeted platform number as <number>.
42 [22930150459200] INFO perfrun.launcher <> - the option was added --bts-count: Specify the <integer> number of BTS records collected after each sample or context switch (VTSS++ only).
42 [22930150459200] INFO perfrun.launcher <> - the option was added --cpu-mask: Specify which CPU(s) <string> to collect data on. For example, specify "2-8,10,12-14" to sample only CPUs 2 through 8, 10, and 12 through 14.
42 [22930150459200] INFO perfrun.launcher <> - the option was added --event-mux-alg: Specify the event multiplexing algorithm. Possible values: sequence, timer, trigger.
43 [22930150459200] INFO perfrun.launcher <> - the option was added --event-mux-timeslice: Specify the event multiplexing time slice value as <integer>. The time slice specifies the duration between cycles for each event multiplexing group. The default value is 50 milliseconds. This option is valid only for timer-based event multiplexing. Specify the event multiplexing time slice value as <integer>. The time slice specifies the duration between cycles for each event multiplexing group. The default value is 1 millisecond. This option is valid only for timer-based event multiplexing.
43 [22930150459200] INFO perfrun.launcher <> - the option was added --event-mux-factor: Specify the event multiplexing factor as <integer>. It controls the switching of event multiplexing groups. The default factor is 50. This option is valid only for trigger-based event multiplexing. Specify the event multiplexing factor as <integer>. It controls the switching of event multiplexing groups. The default factor is 1. This option is valid only for trigger-based event multiplexing.
43 [22930150459200] INFO perfrun.launcher <> - the option was added --event-mux-trigger: Specify the name of the trigger event for event multiplexing as <string>. This option is valid only for trigger-based event multiplexing. The default trigger is CPU_CLK_UNHALTED.CORE (or CPU_CLK_UNHALTED.THREAD). BADMSG: perfrun1.vtsspp::event-mux-trigger
43 [22930150459200] INFO perfrun.launcher <> - the option was added --pwr-config: BADMSG: perfrun1.vtsspp::pwr-config
43 [22930150459200] INFO perfrun.launcher <> - the option was added --sys-config: BADMSG: perfrun1.vtsspp::sys-config
43 [22930150459200] INFO perfrun.launcher <> - the option was added --pt-mode: BADMSG: perfrun1.vtsspp::pt-mode
43 [22930150459200] INFO perfrun.launcher <> - the option was added --sample-after-multiplier: Specify the sample after multiplier as <double>. This multiplier modifies the sample after value for all the events specified in -event-config option. The values can range from 0.1 to 100.0. SAV multiplier value
43 [22930150459200] INFO perfrun.launcher <> - the option was added --uncore-sampling-interval: Specify the uncore sampling interval as <integer>. This value set the uncore sampling interval for all the uncore events specified in -event-config option.
43 [22930150459200] INFO perfrun.launcher <> - the option was added --count: Enable counting mode. Enable counting mode
43 [22930150459200] INFO perfrun.launcher <> - the option was added --trace-mpi: Configure collector to trace MPI code.
43 [22930150459200] INFO perfrun.launcher <> - the option was added --raw-perf-config: Specify a verified configuration for the Perf collector in the format: <describer>,<content>. For example: map-events-file,<path_to_map_events_file>.
43 [22930150459200] INFO perfrun.launcher <> - the option was added --stackwalk: Specify stack unwinding method. Possible values: online - unwind stacks during collection; offline - unwind stacks after collection is finished. Specify stack unwinding method. Possible value: lbr - unwind stacks during collection. Specify stack unwinding method. Possible values: online - unwind stacks during collection; offline - unwind stacks after collection is finished; lbr - enable LBR-based call stack collection. Specify stack unwinding method. Possible values: online - unwind stacks during collection; offline - unwind stacks after collection is finished. Specify stack unwinding method. Possible values: online - unwind stacks during collection; offline - unwind stacks after collection is finished.
43 [22930150459200] INFO perfrun.launcher <> - the option was added --filter-include: Filter data during collection. Possible values: contended=<on|off> - filter out uncontended events; contended_nostack=<time> - filter out stacks for contended events that take less than <time> microseconds; wait=<time> - ignore transitions and blocks with wait time less than <time> microseconds; wait_nostack=<time> - filter out stacks for waits that take less than <time> microseconds.
43 [22930150459200] INFO perfrun.launcher <> - the option was added --debug-pin: Debug PIN tool and runtime.
43 [22930150459200] INFO perfrun.launcher <> - the option was added --debug-exception: Disallow the application to set own abnormal termination handler.
43 [22930150459200] INFO perfrun.launcher <> - the option was added --trace-type: Specify the trace file granularity. Possible values: per-thread - per-thread trace file generation; per-process - per-process trace file generation.
43 [22930150459200] INFO perfrun.launcher <> - the option was added --instrumentation-type: Specify type of instrumentation.
43 [22930150459200] INFO perfrun.launcher <> - the option was added --altstack: Enable or disable usage of altstacks for profiling signal handlers.
43 [22930150459200] INFO perfrun.launcher <> - the option was added --profiling-signal: BADMSG: perfrun1.ptracecollector::profiling-signal Alternate profiling signal.
44 [22930150459200] INFO perfrun.launcher <> - the option was added --memory-strategy: Specify a minimal memory object size to be traced and a hash table size for faster objects search; for example: --memory-strategy obj-size-min=1024,hash-table-size=4096.
44 [22930150459200] INFO perfrun.launcher <> - the option was added --gpu-profiling-config: Specify a type of deep GPU profiling applied for all kernels and a comma-separated list of GPU kernel names and invocations in the following format: profiling_type[@kernel_name[:start_idx:step:stop_idx]], where profiling_type is one of following: none, bblatency, memlatency; kernel_name is the name of GPU kernel; start_idx is the number of the first invocation; and stop_idx is the number of the last invocation to be profiled.
44 [22930150459200] INFO perfrun.launcher <> - the option was added --custom-collector: Allows to provide arbitrary command line to be run on collection steps.
44 [22930150459200] INFO perfrun.launcher <> - the option was added --exprof-com-list: List available COM ports.
44 [22930150459200] INFO perfrun.launcher <> - the option was added --exprof-dvc-list: List available DvC IDs.
44 [22930150459200] INFO perfrun.launcher <> - the option was added --exprof-trace-channel: BADMSG: perfrun1.exprof::exprof-trace-channel
44 [22930150459200] INFO perfrun.launcher <> - the option was added --exprof-event-config: Specify ExactProfiling Event Classes.
44 [22930150459200] INFO perfrun.launcher <> - the option was added --analyze-dpdk: analyze-dpdk
44 [22930150459200] INFO perfrun.launcher <> - the option was added --network-sampling-interval: network-sampling-interval
44 [22930150459200] INFO perfrun.launcher <> - the option was added --dpdk-file-prefix: dpdk-file-prefix
47 [22930150459200] INFO perfrun.launcher <> - create msngr2::ICliToolContext
47 [22930150459200] INFO perfrun.launcher <> - create file finder object
47 [22930150459200] INFO perfrun.launcher <> - create a result directory: pattern = /home/cp2018/cp201820/tiny-manna/tp2/report4MB pid = 4294967295
49 [22930150459200] INFO perfrun.sdk <> - checked that the directory /home/cp2018/cp201820/tiny-manna/tp2/report4MB is a local directory
49 [22930150459200] INFO perfrun.sdk <> - the directory /home/cp2018/cp201820/tiny-manna/tp2/report4MB is located on a share or its FS ID is unknown 801189825
49 [22930150459200] INFO perfrun.launcher <> - Create a local result directory /tmp/amplxe-tmp-cp201820/amplxe-res-12561-878314080804192 due to the user result path /home/cp2018/cp201820/tiny-manna/tp2/report4MB is located on a share
49 [22930150459200] INFO perfrun.launcher <> - create data directory = /tmp/amplxe-tmp-cp201820/amplxe-res-12561-878314080804192/data.0
49 [22930150459200] INFO perfrun.launcher <> - create data directory = /home/cp2018/cp201820/tiny-manna/tp2/report4MB/data.0
64 [22930038060800] INFO perfrun.system <> - online nodes : 0-1
64 [22930038060800] INFO perfrun.system <> - nodes with cpus : 0-1
64 [22930038060800] INFO perfrun.system <> - nodes with memory : 0-1
68 [22930038060800] INFO perfrun.sdk <> - Allocating TMU :/tmp/amplxe-tmp-cp201820/amplxe-res-12561-878314080804192/data.0/systemcollector-12561-zx81.sc
69 [22930038060800] INFO perfrun.launcher <> - plugin [ptracecollector] was disabled because it doesn't support the given collection type.
69 [22930038060800] INFO perfrun.launcher <> - plugin [gpu] was disabled because it doesn't support the given collection type.
69 [22930038060800] INFO perfrun.launcher <> - plugin [] was disabled because it doesn't support the given collection type.
69 [22930038060800] INFO perfrun.launcher <> - plugin [] was disabled because it doesn't support the given collection type.
69 [22930038060800] INFO perfrun.launcher <> - plugin [] was disabled because it doesn't support the given collection type.
69 [22930038060800] INFO perfrun.mrte <> - Getting  mrte profiling environment ...
86 [22930038060800] INFO perfrun.mrte <> - INTEL_MRTE_DATA_DIR=/tmp/amplxe-tmp-cp201820/amplxe-res-12561-878314080804192/data.0
86 [22930038060800] INFO perfrun.mrte <> - INTEL_MRTE_HOST_NAME=zx81
86 [22930038060800] INFO perfrun.mrte <> - JAVA_TOOL_OPTIONS=-agentlib:amplxe_samplingmrte_javaprof_1.0 -Dsun.boot.library.path=/opt/ipsxe/2018u2/vtune_amplifier_2018.2.0.551022/lib32/runtime:/opt/ipsxe/2018u2/vtune_amplifier_2018.2.0.551022/lib64/runtime
86 [22930038060800] INFO perfrun.mrte <> - CORECLR_ENABLE_PROFILING=1
86 [22930038060800] INFO perfrun.mrte <> - CORECLR_PROFILER={AA5E4821-E3B1-479c-B7FF-5AD047D22CED}
86 [22930038060800] INFO perfrun.mrte <> - CORECLR_PROFILER_PATH=/opt/ipsxe/2018u2/vtune_amplifier_2018.2.0.551022/lib64/libamplxe_samplingmrte_clrprof_1.0.so
86 [22930038060800] INFO perfrun.mrte <> - INTEL_MRTE_PROFILER_MODE=mixed
86 [22930038060800] INFO perfrun.mrte <> - Data directory: /tmp/amplxe-tmp-cp201820/amplxe-res-12561-878314080804192/data.0
86 [22930038060800] INFO perfrun.mrte <> - Mrte plugin is initialized
86 [22930038060800] INFO perfrun.launcher <> - plugin [emon] was disabled because it doesn't support the given collection type.
87 [22930038060800] INFO perfrun.launcher <> - plugin [stdsrc] was disabled because it doesn't support the given collection type.
87 [22930038060800] INFO perfrun.sepdk <> - "/opt/ipsxe/2018u2/vtune_amplifier_2018.2.0.551022/bin64/sep" -dry-run -ec CPU_CLK_UNHALTED.THREAD:sa=2400000,CPU_CLK_UNHALTED.REF_TSC:sa=2400000,INST_RETIRED.ANY:sa=2400000,CPU_CLK_UNHALTED.REF_XCLK:sa=100003,CPU_CLK_UNHALTED.ONE_THREAD_ACTIVE:sa=100003,CYCLE_ACTIVITY.CYCLES_NO_EXECUTE:sa=2000003,CYCLE_ACTIVITY.STALLS_L1D_PENDING:sa=2000003,CYCLE_ACTIVITY.STALLS_LDM_PENDING:sa=2000003,CYCLE_ACTIVITY.STALLS_L2_PENDING:sa=2000003,IDQ_UOPS_NOT_DELIVERED.CORE:sa=2000003,INT_MISC.RECOVERY_CYCLES:sa=2000003,MEM_LOAD_UOPS_RETIRED.L3_HIT_PS:sa=50003,MEM_LOAD_UOPS_RETIRED.L3_MISS_PS:sa=50003,OFFCORE_REQUESTS_OUTSTANDING.CYCLES_WITH_DATA_RD:sa=2000003,OFFCORE_REQUESTS_OUTSTANDING.ALL_DATA_RD:cmask=6:sa=2000003,RESOURCE_STALLS.SB:sa=2000003,RS_EVENTS.EMPTY_CYCLES:sa=2000003,UOPS_EXECUTED.CORE:cmask=1:sa=2000003,UOPS_EXECUTED.CORE:cmask=2:sa=2000003,UOPS_EXECUTED.CORE:cmask=3:sa=2000003,UOPS_ISSUED.ANY:sa=2000003,UOPS_RETIRED.RETIRE_SLOTS:sa=2000003,IDQ_UOPS_NOT_DELIVERED.CYCLES_0_UOPS_DELIV.CORE:sa=2000003,MEM_UOPS_RETIRED.ALL_LOADS_PS:sa=100003,MEM_UOPS_RETIRED.ALL_STORES_PS:sa=100003,MEM_LOAD_UOPS_L3_MISS_RETIRED.LOCAL_DRAM_PS:sa=100003,MEM_LOAD_UOPS_L3_MISS_RETIRED.REMOTE_DRAM_PS:sa=100003,MEM_LOAD_UOPS_L3_MISS_RETIRED.REMOTE_HITM_PS:sa=100003,MEM_LOAD_UOPS_L3_MISS_RETIRED.REMOTE_FWD_PS:sa=100003,CPU_CLK_UNHALTED.ONE_THREAD_ACTIVE:sa=10003,CPU_CLK_UNHALTED.REF_XCLK:sa=10003,UNC_M_CAS_COUNT.RD,UNC_M_CAS_COUNT.WR,UNC_Q_TxL_FLITS_G0.DATA,UNC_Q_TxL_FLITS_G0.NON_DATA,UNC_Q_RxL_FLITS_G1.DRS_DATA,UNC_Q_RxL_FLITS_G2.NCB_DATA -experimental
134 [22930038060800] INFO perfrun.launcher <> - plugin [vtsspp] was disabled because it doesn't support the given collection type.
134 [22930038060800] INFO perfrun.launcher <> - plugin [perf] was disabled because it doesn't support the given collection type.
134 [22930038060800] INFO perfrun.tpss <> - initialize tpss controller
134 [22930038060800] INFO perfrun.launcher <> - plugin [tpss] was disabled because it doesn't support the given collection type.
134 [22930038060800] INFO perfrun.launcher <> - plugin [cuscol] was disabled because it doesn't support the given collection type.
135 [22930038060800] INFO perfrun.launcher <> - plugin [exprof] was disabled because it doesn't support the given collection type.
135 [22930038060800] INFO perfrun.launcher <> - plugin [dpdk] was disabled because it doesn't support the given collection type.
135 [22930038060800] INFO perfrun.commcollector <> - Disabling commcollector because integrity connection type is not used
135 [22930038060800] INFO perfrun.launcher <> - plugin [commcollector] was disabled because it doesn't support the given collection type.
135 [22930038060800] INFO perfrun.launcher <> - plugin [cve] was disabled because it doesn't support the given collection type.
135 [22930150459200] INFO perfrun.launcher <> - set environment variable: LD_LIBRARY_PATH = /opt/ipsxe/2018u2/vtune_amplifier_2018.2.0.551022/lib32/runtime:/opt/ipsxe/2018u2/vtune_amplifier_2018.2.0.551022/lib64/runtime:/opt/cuda/current/lib64:/opt/cuda/current/lib:
135 [22930150459200] INFO perfrun.launcher <> - set environment variable: INTEL_LIBITTNOTIFY32 = /opt/ipsxe/2018u2/vtune_amplifier_2018.2.0.551022/lib32/runtime/libittnotify_collector.so
135 [22930150459200] INFO perfrun.launcher <> - set environment variable: INTEL_LIBITTNOTIFY64 = /opt/ipsxe/2018u2/vtune_amplifier_2018.2.0.551022/lib64/runtime/libittnotify_collector.so
135 [22930150459200] INFO perfrun.launcher <> - set environment variable: INTEL_ITTNOTIFY_GROUPS = 
135 [22930150459200] INFO perfrun.launcher <> - set environment variable: INTEL_JIT_PROFILER32 = /opt/ipsxe/2018u2/vtune_amplifier_2018.2.0.551022/lib32/runtime/libittnotify_collector.so
136 [22930150459200] INFO perfrun.launcher <> - set environment variable: INTEL_JIT_PROFILER64 = /opt/ipsxe/2018u2/vtune_amplifier_2018.2.0.551022/lib64/runtime/libittnotify_collector.so
136 [22930150459200] INFO perfrun.launcher <> - set environment variable: VS_PROFILER = libittnotify_collector.so
136 [22930150459200] INFO perfrun.launcher <> - set environment variable: ENABLE_JITPROFILING = 1
136 [22930150459200] INFO perfrun.launcher <> - set environment variable: CL_CONFIG_USE_VTUNE = True
136 [22930150459200] INFO perfrun.launcher <> - set environment variable: __OCL_MIC_INTEL_LIBITTNOTIFY64 = /amplxe/results/libittnotify_collector.so
136 [22930150459200] INFO perfrun.launcher <> - set environment variable: __OCL_MIC_INTEL_JIT_PROFILER64 = /amplxe/results/libittnotify_collector.so
136 [22930150459200] INFO perfrun.launcher <> - set environment variable: INTEL_MRTE_DATA_DIR = /tmp/amplxe-tmp-cp201820/amplxe-res-12561-878314080804192/data.0
136 [22930150459200] INFO perfrun.launcher <> - set environment variable: INTEL_MRTE_HOST_NAME = zx81
136 [22930150459200] INFO perfrun.launcher <> - set environment variable: JAVA_TOOL_OPTIONS = -agentlib:amplxe_samplingmrte_javaprof_1.0 -Dsun.boot.library.path=/opt/ipsxe/2018u2/vtune_amplifier_2018.2.0.551022/lib32/runtime:/opt/ipsxe/2018u2/vtune_amplifier_2018.2.0.551022/lib64/runtime
136 [22930150459200] INFO perfrun.launcher <> - set environment variable: CORECLR_ENABLE_PROFILING = 1
136 [22930150459200] INFO perfrun.launcher <> - set environment variable: CORECLR_PROFILER = {AA5E4821-E3B1-479c-B7FF-5AD047D22CED}
136 [22930150459200] INFO perfrun.launcher <> - set environment variable: CORECLR_PROFILER_PATH = /opt/ipsxe/2018u2/vtune_amplifier_2018.2.0.551022/lib64/libamplxe_samplingmrte_clrprof_1.0.so
136 [22930150459200] INFO perfrun.launcher <> - set environment variable: INTEL_MRTE_PROFILER_MODE = mixed
137 [22930150459200] INFO perfrun.launcher <> - RpcServer: run RPC server to handle requests
137 [22930150459200] INFO perfrun.launcher <> - Launcher: command line to start before modification = ./tiny_manna
137 [22930150459200] INFO perfrun.launcher <> - Launcher: command line to start after modification = ./tiny_manna
137 [22930150459200] INFO perfrun.launcher <> - ProcessCreator object was created
138 [22930150459200] INFO perfrun.launcher <> - Launcher: the process was started in suspend mode
360 [22930038060800] INFO perfrun.system <> - Helper runtool '/opt/ipsxe/2018u2/vtune_amplifier_2018.2.0.551022/bin32/amplxe-runss -dump-vdso -r /tmp/amplxe-tmp-cp201820/amplxe-res-12561-878314080804192 --tmp-dir /tmp/amplxe-tmp-cp201820' returned 0
443 [22930038060800] INFO perfrun.system <> - Helper runtool '/opt/ipsxe/2018u2/vtune_amplifier_2018.2.0.551022/bin64/amplxe-runss -dump-vdso -r /tmp/amplxe-tmp-cp201820/amplxe-res-12561-878314080804192 --tmp-dir /tmp/amplxe-tmp-cp201820' returned 0
443 [22930038060800] INFO perfrun.launcher <> - Messenger::say: Peak bandwidth measurement started.
5313 [22930038060800] INFO perfrun.launcher <> - Messenger::say: Peak bandwidth measurement finished.
5399 [22930038060800] WARN perfrun.sdk <> - Failed to find xl binary on any of the system paths: /bin, /sbin, /usr/bin, /usr/sbin., at file: vcs/perfrun1/sdk/src/utils.cpp:433
5399 [22930038060800] WARN perfrun.system <> - Could not start ContainerMapping collector, at file: vcs/perfrun1/plugins/system/src/controller.cpp:496
5402 [22930038060800] INFO perfrun.itt <> - start itt controller for pid #12567
5403 [22930038060800] INFO perfrun.sdk <> - Reading value (1) from file: /proc/sys/kernel/nmi_watchdog
5403 [22930038060800] WARN perfrun.launcher <> - Messenger::say: To enable hardware event-base sampling, VTune Amplifier has disabled the NMI watchdog timer. The watchdog timer will be re-enabled after collection completes.
5403 [22930038060800] INFO perfrun.sepdk <> - called: "/opt/ipsxe/2018u2/vtune_amplifier_2018.2.0.551022/bin64/sep" -start -experimental -uem timer=10 -out "/tmp/amplxe-tmp-cp201820/amplxe-res-12561-878314080804192/data.0/sep14dad0c5f700.20180714T143018.183096" -ec INST_RETIRED.ANY:sa=2400000,CPU_CLK_UNHALTED.THREAD:sa=2400000,CPU_CLK_UNHALTED.REF_TSC:sa=2400000,CYCLE_ACTIVITY.CYCLES_NO_EXECUTE:sa=2000003,CYCLE_ACTIVITY.STALLS_LDM_PENDING:sa=2000003,CYCLE_ACTIVITY.STALLS_L1D_PENDING:sa=2000003,CYCLE_ACTIVITY.STALLS_L2_PENDING:sa=2000003,CPU_CLK_UNHALTED.REF_XCLK:sa=100003,CPU_CLK_UNHALTED.ONE_THREAD_ACTIVE:sa=100003,INT_MISC.RECOVERY_CYCLES:sa=2000003,OFFCORE_REQUESTS_OUTSTANDING.CYCLES_WITH_DATA_RD:sa=2000003,IDQ_UOPS_NOT_DELIVERED.CORE:sa=2000003,MEM_LOAD_UOPS_RETIRED.L3_HIT_PS:sa=50003,MEM_LOAD_UOPS_RETIRED.L3_MISS_PS:sa=50003,IDQ_UOPS_NOT_DELIVERED.CYCLES_0_UOPS_DELIV.CORE:sa=2000003,OFFCORE_REQUESTS_OUTSTANDING.ALL_DATA_RD:cmask=6:sa=2000003,RESOURCE_STALLS.SB:sa=2000003,RS_EVENTS.EMPTY_CYCLES:sa=2000003,UOPS_EXECUTED.CORE:cmask=1:sa=2000003,MEM_UOPS_RETIRED.ALL_LOADS_PS:sa=100003,MEM_UOPS_RETIRED.ALL_STORES_PS:sa=100003,MEM_LOAD_UOPS_L3_MISS_RETIRED.LOCAL_DRAM_PS:sa=100003,MEM_LOAD_UOPS_L3_MISS_RETIRED.REMOTE_DRAM_PS:sa=100003,UOPS_EXECUTED.CORE:cmask=2:sa=2000003,UOPS_EXECUTED.CORE:cmask=3:sa=2000003,UOPS_ISSUED.ANY:sa=2000003,UOPS_RETIRED.RETIRE_SLOTS:sa=2000003,MEM_LOAD_UOPS_L3_MISS_RETIRED.REMOTE_HITM_PS:sa=100003,MEM_LOAD_UOPS_L3_MISS_RETIRED.REMOTE_FWD_PS:sa=100003,UNC_M_CAS_COUNT.RD,UNC_M_CAS_COUNT.WR,UNC_Q_TxL_FLITS_G0.DATA,UNC_Q_TxL_FLITS_G0.NON_DATA,UNC_Q_RxL_FLITS_G1.DRS_DATA,UNC_Q_RxL_FLITS_G2.NCB_DATA, -d 0 -uem factor=10
6404 [22930150459200] INFO perfrun.launcher <> - Launcher: all plugins were started
6405 [22930150459200] INFO perfrun.launcher <> - DirectoryMonitor object was created
6405 [22930150459200] INFO perfrun.launcher <> - DirectoryMonitor: a callback was added
6405 [22930150459200] INFO perfrun.launcher <> - DirectoryMonitor was started with pingTime = 1000
6405 [22930150459200] INFO perfrun.launcher <> - DeadlineTimer is going to be constructed
6405 [22930150459200] INFO perfrun.launcher <> - DeadlineTimer: a callback was added
6417 [22930150459200] INFO perfrun.launcher <> - Launcher: resume the profiled application and  wait its termination or stop command
18350 [22930150459200] INFO perfrun.launcher <> - Launcher: the profiled application was terminated  with exit code = 0
18353 [22930038060800] INFO perfrun.itt <> - stop itt controller
18353 [22930038060800] INFO perfrun.itt <> - detach itt controller
18853 [22930038060800] INFO perfrun.sepdk <> - called: "/opt/ipsxe/2018u2/vtune_amplifier_2018.2.0.551022/bin64/sep" -stop
21395 [22930038060800] INFO perfrun.sepdk <> - Sampling successfully stopped.

21895 [22930038060800] ERROR perfrun.launcher <> - media can not perform an operation and will be disabled., at file: vcs/perfrun1/launcher/src/plugin_manager_impl.hpp:426
21895 [22930038060800] INFO perfrun.sdk <> - De-allocating TMU: /tmp/amplxe-tmp-cp201820/amplxe-res-12561-878314080804192/data.0/systemcollector-12561-zx81.sc
21895 [22930038060800] INFO perfrun.system <> - closed the system trace file: /tmp/amplxe-tmp-cp201820/amplxe-res-12561-878314080804192/data.0/systemcollector-12561-zx81.sc
21896 [22930150459200] INFO perfrun.launcher <> - Launcher: all plugins were stopped.
21896 [22930150459200] INFO perfrun.launcher <> - DeadlineTimer is going to be destroyed
21896 [22930150459200] INFO perfrun.launcher <> - DirectoryMonitor object was destroyed
21896 [22930150459200] WARN perfrun.launcher <> - Stop command is ignored because it is received when collection is already stopped, at file: vcs/perfrun1/launcher/src/command_handler.cpp:209
21911 [22930150459200] INFO perfrun.launcher <> - Application exit code: 0
21911 [22930150459200] INFO perfrun.launcher <> - Exit code: 0
